2026-03-27 15:24:31 | INFO | CI | === RUN START ===
2026-03-27 15:24:31 | INFO | CI | project=MODULE 3: CORPUS EXPLORATION
2026-03-27 15:24:31 | INFO | CI | repo_dir=nlp-03-text-exploration
2026-03-27 15:24:31 | INFO | CI | python=3.14.3
2026-03-27 15:24:31 | INFO | CI | os=Darwin 25.3.0
2026-03-27 15:24:31 | INFO | CI | shell=zsh
2026-03-27 15:24:31 | INFO | CI | cwd=.
2026-03-27 15:24:31 | INFO | CI | github_actions=False
2026-03-27 15:24:31 | INFO | CI | START script.....
2026-03-27 15:24:31 | INFO | CI | ROOT_PATH = .
2026-03-27 15:24:31 | INFO | CI | NOTEBOOKS_PATH = notebooks
2026-03-27 15:24:31 | INFO | CI | SCRIPTS_PATH = scripts
2026-03-27 15:24:31 | INFO | CI | Logger configured.
2026-03-27 15:25:09 | INFO | CI | === RUN START ===
2026-03-27 15:25:09 | INFO | CI | project=MODULE 3 NOTEBOOK: CORPUS EXPLORATION
2026-03-27 15:25:09 | INFO | CI | repo_dir=nlp-03-text-exploration
2026-03-27 15:25:09 | INFO | CI | python=3.14.3
2026-03-27 15:25:09 | INFO | CI | os=Darwin 25.3.0
2026-03-27 15:25:09 | INFO | CI | shell=zsh
2026-03-27 15:25:09 | INFO | CI | cwd=notebooks
2026-03-27 15:25:09 | INFO | CI | github_actions=False
2026-03-27 15:25:09 | INFO | CI | ROOT_PATH = .
2026-03-27 15:25:09 | INFO | CI | NOTEBOOKS_PATH = notebooks
2026-03-27 15:25:09 | INFO | CI | SCRIPTS_PATH = scripts
2026-03-27 15:25:09 | INFO | CI | Logger configured.
2026-03-27 15:25:09 | INFO | CI | ========================
2026-03-27 15:25:09 | INFO | CI | Notebook executed successfully!
2026-03-27 15:25:09 | INFO | CI | ========================
2026-03-27 15:25:10 | INFO | CI | === RUN START ===
2026-03-27 15:25:10 | INFO | CI | project=MODULE 3 NOTEBOOK: CORPUS EXPLORATION
2026-03-27 15:25:10 | INFO | CI | repo_dir=nlp-03-text-exploration
2026-03-27 15:25:10 | INFO | CI | python=3.14.3
2026-03-27 15:25:10 | INFO | CI | os=Darwin 25.3.0
2026-03-27 15:25:10 | INFO | CI | shell=zsh
2026-03-27 15:25:10 | INFO | CI | cwd=notebooks
2026-03-27 15:25:10 | INFO | CI | github_actions=False
2026-03-27 15:25:10 | INFO | CI | ROOT_PATH = .
2026-03-27 15:25:10 | INFO | CI | NOTEBOOKS_PATH = notebooks
2026-03-27 15:25:10 | INFO | CI | SCRIPTS_PATH = scripts
2026-03-27 15:25:10 | INFO | CI | Logger configured.
2026-03-27 15:25:10 | INFO | CI | ========================
2026-03-27 15:25:10 | INFO | CI | Notebook executed successfully!
2026-03-27 15:25:10 | INFO | CI | ========================
2026-03-27 15:28:58 | INFO | CI | === RUN START ===
2026-03-27 15:28:58 | INFO | CI | project=MODULE 3 NOTEBOOK: CORPUS EXPLORATION
2026-03-27 15:28:58 | INFO | CI | repo_dir=nlp-03-text-exploration
2026-03-27 15:28:58 | INFO | CI | python=3.14.3
2026-03-27 15:28:58 | INFO | CI | os=Darwin 25.3.0
2026-03-27 15:28:58 | INFO | CI | shell=zsh
2026-03-27 15:28:58 | INFO | CI | cwd=notebooks
2026-03-27 15:28:58 | INFO | CI | github_actions=False
2026-03-27 15:28:58 | INFO | CI | ROOT_PATH = .
2026-03-27 15:28:58 | INFO | CI | NOTEBOOKS_PATH = notebooks
2026-03-27 15:28:58 | INFO | CI | SCRIPTS_PATH = scripts
2026-03-27 15:28:58 | INFO | CI | Logger configured.
2026-03-27 15:28:59 | INFO | CI | ========================
2026-03-27 15:28:59 | INFO | CI | Notebook executed successfully!
2026-03-27 15:28:59 | INFO | CI | ========================
2026-03-27 20:04:07 | INFO | CI | === RUN START ===
2026-03-27 20:04:07 | INFO | CI | project=MODULE 3 NOTEBOOK: CORPUS EXPLORATION
2026-03-27 20:04:07 | INFO | CI | repo_dir=nlp-03-text-exploration
2026-03-27 20:04:07 | INFO | CI | python=3.14.3
2026-03-27 20:04:07 | INFO | CI | os=Darwin 25.3.0
2026-03-27 20:04:07 | INFO | CI | shell=zsh
2026-03-27 20:04:07 | INFO | CI | cwd=notebooks
2026-03-27 20:04:07 | INFO | CI | github_actions=False
2026-03-27 20:04:07 | INFO | CI | ROOT_PATH = .
2026-03-27 20:04:07 | INFO | CI | NOTEBOOKS_PATH = notebooks
2026-03-27 20:04:07 | INFO | CI | SCRIPTS_PATH = scripts
2026-03-27 20:04:07 | INFO | CI | Logger configured.
2026-03-27 20:04:07 | INFO | CI | ========================
2026-03-27 20:04:07 | INFO | CI | Notebook executed successfully!
2026-03-27 20:04:07 | INFO | CI | ========================
2026-03-27 20:14:11 | INFO | CI | === RUN START ===
2026-03-27 20:14:11 | INFO | CI | project=MODULE 3 NOTEBOOK: CORPUS EXPLORATION
2026-03-27 20:14:11 | INFO | CI | repo_dir=nlp-03-text-exploration
2026-03-27 20:14:11 | INFO | CI | python=3.14.3
2026-03-27 20:14:11 | INFO | CI | os=Darwin 25.3.0
2026-03-27 20:14:11 | INFO | CI | shell=zsh
2026-03-27 20:14:11 | INFO | CI | cwd=notebooks
2026-03-27 20:14:11 | INFO | CI | github_actions=False
2026-03-27 20:14:11 | INFO | CI | ROOT_PATH = .
2026-03-27 20:14:11 | INFO | CI | NOTEBOOKS_PATH = notebooks
2026-03-27 20:14:11 | INFO | CI | SCRIPTS_PATH = scripts
2026-03-27 20:14:11 | INFO | CI | Logger configured.
2026-03-27 20:14:11 | INFO | CI | ========================
2026-03-27 20:14:11 | INFO | CI | Notebook executed successfully!
2026-03-27 20:14:11 | INFO | CI | ========================
2026-03-27 20:28:28 | INFO | CI | === RUN START ===
2026-03-27 20:28:28 | INFO | CI | project=MODULE 3 NOTEBOOK: CUSTOMER SUPPORT CORPUS EXPLORATION
2026-03-27 20:28:28 | INFO | CI | repo_dir=nlp-03-text-exploration
2026-03-27 20:28:28 | INFO | CI | python=3.14.3
2026-03-27 20:28:28 | INFO | CI | os=Darwin 25.3.0
2026-03-27 20:28:28 | INFO | CI | shell=zsh
2026-03-27 20:28:28 | INFO | CI | cwd=notebooks
2026-03-27 20:28:28 | INFO | CI | github_actions=False
2026-03-27 20:28:28 | INFO | CI | ROOT_PATH = .
2026-03-27 20:28:28 | INFO | CI | NOTEBOOKS_PATH = notebooks
2026-03-27 20:28:28 | INFO | CI | SCRIPTS_PATH = scripts
2026-03-27 20:28:28 | INFO | CI | Logger configured.
2026-03-27 20:42:07 | INFO | CI | === RUN START ===
2026-03-27 20:42:07 | INFO | CI | project=MODULE 3 NOTEBOOK: CORPUS EXPLORATION
2026-03-27 20:42:07 | INFO | CI | repo_dir=nlp-03-text-exploration
2026-03-27 20:42:07 | INFO | CI | python=3.14.3
2026-03-27 20:42:07 | INFO | CI | os=Darwin 25.3.0
2026-03-27 20:42:07 | INFO | CI | shell=zsh
2026-03-27 20:42:07 | INFO | CI | cwd=notebooks
2026-03-27 20:42:07 | INFO | CI | github_actions=False
2026-03-27 20:42:07 | INFO | CI | ROOT_PATH = .
2026-03-27 20:42:07 | INFO | CI | NOTEBOOKS_PATH = notebooks
2026-03-27 20:42:07 | INFO | CI | SCRIPTS_PATH = scripts
2026-03-27 20:42:07 | INFO | CI | Logger configured.
2026-03-27 20:42:07 | INFO | CI | ========================
2026-03-27 20:42:07 | INFO | CI | Notebook executed successfully!
2026-03-27 20:42:07 | INFO | CI | ========================
